###############################################################################
#                                                                             #
# IAR ANSI C/C++ Compiler V6.60.1.5097/W32 for ARM      09/Oct/2014  10:33:26 #
# Copyright 1999-2013 IAR Systems AB.                                         #
#                                                                             #
#    Cpu mode     =  thumb                                                    #
#    Endian       =  little                                                   #
#    Source file  =  C:\Users\FredZhou\Documents\Origin\Projects\platform\STM #
#                    32L1XX\clock.c                                           #
#    Command line =  C:\Users\FredZhou\Documents\Origin\Projects\platform\STM #
#                    32L1XX\clock.c -D USE_STDPERIPH_DRIVER -D STM32L1XX_MD   #
#                    -D SYSCLK_FREQ_HSI_32MHz -D ENABLE_USB -D                #
#                    ENABLE_USB_PRINTF -D CLIENT=1 -D DEBUG -D                #
#                    BLUENRG_CONFIG=BLUENRG_16_MHZ -lcN                       #
#                    C:\Users\FredZhou\Documents\Origin\Projects\Project\BLE_ #
#                    Chat\EWARM\Client\List\ --diag_suppress Pa050 -o         #
#                    C:\Users\FredZhou\Documents\Origin\Projects\Project\BLE_ #
#                    Chat\EWARM\Client\Obj\ --debug --endian=little           #
#                    --cpu=Cortex-M3 -e --fpu=None --dlib_config "C:\Program  #
#                    Files (x86)\IAR Systems\Embedded Workbench               #
#                    6.5\arm\INC\c\DLib_Config_Normal.h" -I                   #
#                    C:\Users\FredZhou\Documents\Origin\Projects\Project\BLE_ #
#                    Chat\EWARM\..\inc\ -I "C:\Users\FredZhou\Documents\Origi #
#                    n\Projects\Project\BLE_Chat\EWARM\..\..\..\Bluetooth     #
#                    LE\SimpleBlueNRG_HCI\" -I "C:\Users\FredZhou\Documents\O #
#                    rigin\Projects\Project\BLE_Chat\EWARM\..\..\..\Bluetooth #
#                     LE\SimpleBlueNRG_HCI\includes\" -I                      #
#                    C:\Users\FredZhou\Documents\Origin\Projects\Project\BLE_ #
#                    Chat\EWARM\..\..\..\platform\STM32L1XX\ -I               #
#                    C:\Users\FredZhou\Documents\Origin\Projects\Project\BLE_ #
#                    Chat\EWARM\..\..\..\platform\STM32L1XX\Libraries\ -I     #
#                    C:\Users\FredZhou\Documents\Origin\Projects\Project\BLE_ #
#                    Chat\EWARM\..\..\..\platform\STM32L1XX\Libraries\CMSIS\C #
#                    M3\DeviceSupport\ST\STM32L1xx\ -I                        #
#                    C:\Users\FredZhou\Documents\Origin\Projects\Project\BLE_ #
#                    Chat\EWARM\..\..\..\platform\STM32L1XX\Libraries\STM32_U #
#                    SB-FS-Device_Driver\inc\ -I                              #
#                    C:\Users\FredZhou\Documents\Origin\Projects\Project\BLE_ #
#                    Chat\EWARM\..\..\..\platform\STM32L1XX\Libraries\STM32L1 #
#                    xx_StdPeriph_Driver\inc\ -I                              #
#                    C:\Users\FredZhou\Documents\Origin\Projects\Project\BLE_ #
#                    Chat\EWARM\..\..\..\platform\STM32L1XX\Libraries\I2C\inc #
#                    \ -I C:\Users\FredZhou\Documents\Origin\Projects\Project #
#                    \BLE_Chat\EWARM\..\..\..\platform\STM32L1XX\Libraries\LI #
#                    S3DH\inc\ -I C:\Users\FredZhou\Documents\Origin\Projects #
#                    \Project\BLE_Chat\EWARM\..\..\..\platform\STM32L1XX\Libr #
#                    aries\STLM75\inc\ -I C:\Users\FredZhou\Documents\Origin\ #
#                    Projects\Project\BLE_Chat\EWARM\..\..\..\platform\STM32L #
#                    1XX\Libraries\HTS221\inc\ -I                             #
#                    C:\Users\FredZhou\Documents\Origin\Projects\Project\BLE_ #
#                    Chat\EWARM\..\..\..\platform\STM32L1XX\Libraries\LPS25H\ #
#                    inc\ -I C:\Users\FredZhou\Documents\Origin\Projects\Proj #
#                    ect\BLE_Chat\EWARM\..\..\..\platform\STM32L1XX\Libraries #
#                    \SDK_Eval_STM32L\inc\ -Ohs --use_c++_inline -I           #
#                    "C:\Program Files (x86)\IAR Systems\Embedded Workbench   #
#                    6.5\arm\CMSIS\Include\"                                  #
#    List file    =  C:\Users\FredZhou\Documents\Origin\Projects\Project\BLE_ #
#                    Chat\EWARM\Client\List\clock.lst                         #
#    Object file  =  C:\Users\FredZhou\Documents\Origin\Projects\Project\BLE_ #
#                    Chat\EWARM\Client\Obj\clock.o                            #
#                                                                             #
#                                                                             #
###############################################################################

C:\Users\FredZhou\Documents\Origin\Projects\platform\STM32L1XX\clock.c
      1          #include "clock.h"
      2          
      3          /* Added define for clock settings */
      4          #include "SDK_EVAL_Clock.h"
      5          
      6          #include "stm32l1xx_systick.h"
      7          //#include "hw_config.h"
      8          
      9          // The value that will be load in the SysTick value register.
     10          #define RELOAD_VALUE (SYSCLK_FREQ/1000)-1   // One clock each 1 ms
     11          
     12          static volatile tClockTime count = 0;
     13          
     14          const tHalUint32 CLOCK_SECOND = 1000;
     15          
     16          /*---------------------------------------------------------------------------*/
     17          void SysTick_Handler(void)
     18          {
     19            count++;
     20          }
     21          
     22          /*---------------------------------------------------------------------------*/
     23          
     24          void Clock_Init(void)
     25          {
     26          
     27            __disable_irq();
     28          
     29            SysTick_CLKSourceConfig(SysTick_CLKSource_HCLK);
     30            SysTick_SetReload(RELOAD_VALUE);
     31            SysTick_ITConfig(ENABLE);
     32            SysTick_CounterCmd(SysTick_Counter_Enable);
     33          
     34            __enable_irq();
     35          
     36          }
     37          
     38          /*---------------------------------------------------------------------------*/
     39          
     40          tClockTime Clock_Time(void)
     41          {
     42            return count;
     43          }
     44          
     45          /*---------------------------------------------------------------------------*/
     46          /**
     47           * Wait for a multiple of 1 ms.
     48           *
     49           */
     50          void Clock_Wait(tHalUint32 i)
     51          {
     52            tClockTime start;
     53          
     54            start = Clock_Time();
     55            while(Clock_Time() - start < (tClockTime)i);
     56          }
     57          /*---------------------------------------------------------------------------*/
     58          

   Maximum stack usage in bytes:

   .cstack Function
   ------- --------
       8   Clock_Init
         8   -> SysTick_CLKSourceConfig
         8   -> SysTick_CounterCmd
         8   -> SysTick_ITConfig
         8   -> SysTick_SetReload
       0   Clock_Time
       0   Clock_Wait
       0   SysTick_Handler


   Section sizes:

   Bytes  Function/Label
   -----  --------------
       4  ??DataTable3
       4  CLOCK_SECOND
      38  Clock_Init
       6  Clock_Time
      14  Clock_Wait
      10  SysTick_Handler
       4  count

 
  4 bytes in section .bss
  4 bytes in section .rodata
 72 bytes in section .text
 
 72 bytes of CODE  memory
  4 bytes of CONST memory
  4 bytes of DATA  memory

Errors: none
Warnings: none
