###############################################################################
#                                                                             #
# IAR ANSI C/C++ Compiler V6.60.1.5097/W32 for ARM      31/Oct/2014  21:00:37 #
# Copyright 1999-2013 IAR Systems AB.                                         #
#                                                                             #
#    Cpu mode     =  thumb                                                    #
#    Endian       =  little                                                   #
#    Source file  =  C:\Users\FredZhou\Documents\Origin\Projects\platform\STM #
#                    32L1XX\osal.c                                            #
#    Command line =  C:\Users\FredZhou\Documents\Origin\Projects\platform\STM #
#                    32L1XX\osal.c -D USE_STDPERIPH_DRIVER -D STM32L1XX_MD    #
#                    -D SYSCLK_FREQ_HSI_32MHz -D ENABLE_USB -D                #
#                    ENABLE_USB_PRINTF -D DEBUG -D SERVER -D ACCEL_TEST -lcN  #
#                    C:\Users\FredZhou\Documents\Origin\Projects\Project\BLE_ #
#                    Chat\EWARM\Server\List\ --diag_suppress Pa050 -o         #
#                    C:\Users\FredZhou\Documents\Origin\Projects\Project\BLE_ #
#                    Chat\EWARM\Server\Obj\ --debug --endian=little           #
#                    --cpu=Cortex-M3 -e --fpu=None --dlib_config "C:\Program  #
#                    Files (x86)\IAR Systems\Embedded Workbench               #
#                    6.5\arm\INC\c\DLib_Config_Normal.h" -I                   #
#                    C:\Users\FredZhou\Documents\Origin\Projects\Project\BLE_ #
#                    Chat\EWARM\..\inc\ -I "C:\Users\FredZhou\Documents\Origi #
#                    n\Projects\Project\BLE_Chat\EWARM\..\..\..\Bluetooth     #
#                    LE\SimpleBlueNRG_HCI\" -I "C:\Users\FredZhou\Documents\O #
#                    rigin\Projects\Project\BLE_Chat\EWARM\..\..\..\Bluetooth #
#                     LE\SimpleBlueNRG_HCI\includes\" -I                      #
#                    C:\Users\FredZhou\Documents\Origin\Projects\Project\BLE_ #
#                    Chat\EWARM\..\..\..\platform\STM32L1XX\ -I               #
#                    C:\Users\FredZhou\Documents\Origin\Projects\Project\BLE_ #
#                    Chat\EWARM\..\..\..\platform\STM32L1XX\Libraries\ -I     #
#                    C:\Users\FredZhou\Documents\Origin\Projects\Project\BLE_ #
#                    Chat\EWARM\..\..\..\platform\STM32L1XX\Libraries\CMSIS\C #
#                    M3\DeviceSupport\ST\STM32L1xx\ -I                        #
#                    C:\Users\FredZhou\Documents\Origin\Projects\Project\BLE_ #
#                    Chat\EWARM\..\..\..\platform\STM32L1XX\Libraries\STM32_U #
#                    SB-FS-Device_Driver\inc\ -I                              #
#                    C:\Users\FredZhou\Documents\Origin\Projects\Project\BLE_ #
#                    Chat\EWARM\..\..\..\platform\STM32L1XX\Libraries\STM32L1 #
#                    xx_StdPeriph_Driver\inc\ -I                              #
#                    C:\Users\FredZhou\Documents\Origin\Projects\Project\BLE_ #
#                    Chat\EWARM\..\..\..\platform\STM32L1XX\Libraries\I2C\inc #
#                    \ -I C:\Users\FredZhou\Documents\Origin\Projects\Project #
#                    \BLE_Chat\EWARM\..\..\..\platform\STM32L1XX\Libraries\LI #
#                    S3DH\inc\ -I C:\Users\FredZhou\Documents\Origin\Projects #
#                    \Project\BLE_Chat\EWARM\..\..\..\platform\STM32L1XX\Libr #
#                    aries\STLM75\inc\ -I C:\Users\FredZhou\Documents\Origin\ #
#                    Projects\Project\BLE_Chat\EWARM\..\..\..\platform\STM32L #
#                    1XX\Libraries\HTS221\inc\ -I                             #
#                    C:\Users\FredZhou\Documents\Origin\Projects\Project\BLE_ #
#                    Chat\EWARM\..\..\..\platform\STM32L1XX\Libraries\LPS25H\ #
#                    inc\ -I C:\Users\FredZhou\Documents\Origin\Projects\Proj #
#                    ect\BLE_Chat\EWARM\..\..\..\platform\STM32L1XX\Libraries #
#                    \SDK_Eval_STM32L\inc\ -Ohs --use_c++_inline -I           #
#                    "C:\Program Files (x86)\IAR Systems\Embedded Workbench   #
#                    6.5\arm\CMSIS\Include\"                                  #
#    List file    =  C:\Users\FredZhou\Documents\Origin\Projects\Project\BLE_ #
#                    Chat\EWARM\Server\List\osal.lst                          #
#    Object file  =  C:\Users\FredZhou\Documents\Origin\Projects\Project\BLE_ #
#                    Chat\EWARM\Server\Obj\osal.o                             #
#                                                                             #
#                                                                             #
###############################################################################

C:\Users\FredZhou\Documents\Origin\Projects\platform\STM32L1XX\osal.c
      1          /******************** (C) COPYRIGHT 2012 STMicroelectronics ********************
      2          * File Name          : osal.c
      3          * Author             : AMS - HEA&RF BU
      4          * Version            : V1.0.0
      5          * Date               : 19-July-2012
      6          * Description        : Implementation of OS abstraction layer functions used by
      7          *                      the library.
      8          ********************************************************************************
      9          * THE PRESENT FIRMWARE WHICH IS FOR GUIDANCE ONLY AIMS AT PROVIDING CUSTOMERS
     10          * WITH CODING INFORMATION REGARDING THEIR PRODUCTS IN ORDER FOR THEM TO SAVE TIME.
     11          * AS A RESULT, STMICROELECTRONICS SHALL NOT BE HELD LIABLE FOR ANY DIRECT,
     12          * INDIRECT OR CONSEQUENTIAL DAMAGES WITH RESPECT TO ANY CLAIMS ARISING FROM THE
     13          * CONTENT OF SUCH FIRMWARE AND/OR THE USE MADE BY CUSTOMERS OF THE CODING
     14          * INFORMATION CONTAINED HEREIN IN CONNECTION WITH THEIR PRODUCTS.
     15          *******************************************************************************/
     16          
     17          /******************************************************************************
     18           * Includes
     19           *****************************************************************************/
     20          #include <string.h>
     21          #include <osal.h>
     22           
     23          /**
     24           * Osal_MemCpy
     25           * 
     26           */
     27           
     28          void* Osal_MemCpy(void *dest,const void *src,tHalUint size)
     29          {
     30              return(memcpy(dest,src,size)); 
     31          }
     32          
     33          /**
     34           * Osal_MemSet
     35           * 
     36           */
     37           
     38          void* Osal_MemSet(void *ptr, tHalInt value,tHalUint size)
     39          {
     40              return(memset(ptr,value,size));
     41          }
     42          
     43          /******************************************************************************
     44           * local Functions
     45           *****************************************************************************/ 

   Maximum stack usage in bytes:

   .cstack Function
   ------- --------
       8   Osal_MemCpy
         8   -> __aeabi_memcpy
       8   Osal_MemSet
         8   -> __aeabi_memset


   Section sizes:

   Bytes  Function/Label
   -----  --------------
      12  Osal_MemCpy
      20  Osal_MemSet

 
 32 bytes in section .text
 
 32 bytes of CODE memory

Errors: none
Warnings: none
