###############################################################################
#                                                                             #
# IAR ANSI C/C++ Compiler V6.60.1.5097/W32 for ARM      31/Oct/2014  21:00:54 #
# Copyright 1999-2013 IAR Systems AB.                                         #
#                                                                             #
#    Cpu mode     =  thumb                                                    #
#    Endian       =  little                                                   #
#    Source file  =  C:\Users\FredZhou\Documents\Origin\Projects\platform\STM #
#                    32L1XX\Libraries\STM32_USB-FS-Device_Driver\src\usb_mem. #
#                    c                                                        #
#    Command line =  C:\Users\FredZhou\Documents\Origin\Projects\platform\STM #
#                    32L1XX\Libraries\STM32_USB-FS-Device_Driver\src\usb_mem. #
#                    c -D USE_STDPERIPH_DRIVER -D STM32L1XX_MD -D             #
#                    SYSCLK_FREQ_HSI_32MHz -D ENABLE_USB -D                   #
#                    ENABLE_USB_PRINTF -D DEBUG -D SERVER -D ACCEL_TEST -lcN  #
#                    C:\Users\FredZhou\Documents\Origin\Projects\Project\BLE_ #
#                    Chat\EWARM\Server\List\ --diag_suppress Pa050 -o         #
#                    C:\Users\FredZhou\Documents\Origin\Projects\Project\BLE_ #
#                    Chat\EWARM\Server\Obj\ --debug --endian=little           #
#                    --cpu=Cortex-M3 -e --fpu=None --dlib_config "C:\Program  #
#                    Files (x86)\IAR Systems\Embedded Workbench               #
#                    6.5\arm\INC\c\DLib_Config_Normal.h" -I                   #
#                    C:\Users\FredZhou\Documents\Origin\Projects\Project\BLE_ #
#                    Chat\EWARM\..\inc\ -I "C:\Users\FredZhou\Documents\Origi #
#                    n\Projects\Project\BLE_Chat\EWARM\..\..\..\Bluetooth     #
#                    LE\SimpleBlueNRG_HCI\" -I "C:\Users\FredZhou\Documents\O #
#                    rigin\Projects\Project\BLE_Chat\EWARM\..\..\..\Bluetooth #
#                     LE\SimpleBlueNRG_HCI\includes\" -I                      #
#                    C:\Users\FredZhou\Documents\Origin\Projects\Project\BLE_ #
#                    Chat\EWARM\..\..\..\platform\STM32L1XX\ -I               #
#                    C:\Users\FredZhou\Documents\Origin\Projects\Project\BLE_ #
#                    Chat\EWARM\..\..\..\platform\STM32L1XX\Libraries\ -I     #
#                    C:\Users\FredZhou\Documents\Origin\Projects\Project\BLE_ #
#                    Chat\EWARM\..\..\..\platform\STM32L1XX\Libraries\CMSIS\C #
#                    M3\DeviceSupport\ST\STM32L1xx\ -I                        #
#                    C:\Users\FredZhou\Documents\Origin\Projects\Project\BLE_ #
#                    Chat\EWARM\..\..\..\platform\STM32L1XX\Libraries\STM32_U #
#                    SB-FS-Device_Driver\inc\ -I                              #
#                    C:\Users\FredZhou\Documents\Origin\Projects\Project\BLE_ #
#                    Chat\EWARM\..\..\..\platform\STM32L1XX\Libraries\STM32L1 #
#                    xx_StdPeriph_Driver\inc\ -I                              #
#                    C:\Users\FredZhou\Documents\Origin\Projects\Project\BLE_ #
#                    Chat\EWARM\..\..\..\platform\STM32L1XX\Libraries\I2C\inc #
#                    \ -I C:\Users\FredZhou\Documents\Origin\Projects\Project #
#                    \BLE_Chat\EWARM\..\..\..\platform\STM32L1XX\Libraries\LI #
#                    S3DH\inc\ -I C:\Users\FredZhou\Documents\Origin\Projects #
#                    \Project\BLE_Chat\EWARM\..\..\..\platform\STM32L1XX\Libr #
#                    aries\STLM75\inc\ -I C:\Users\FredZhou\Documents\Origin\ #
#                    Projects\Project\BLE_Chat\EWARM\..\..\..\platform\STM32L #
#                    1XX\Libraries\HTS221\inc\ -I                             #
#                    C:\Users\FredZhou\Documents\Origin\Projects\Project\BLE_ #
#                    Chat\EWARM\..\..\..\platform\STM32L1XX\Libraries\LPS25H\ #
#                    inc\ -I C:\Users\FredZhou\Documents\Origin\Projects\Proj #
#                    ect\BLE_Chat\EWARM\..\..\..\platform\STM32L1XX\Libraries #
#                    \SDK_Eval_STM32L\inc\ -Ohs --use_c++_inline -I           #
#                    "C:\Program Files (x86)\IAR Systems\Embedded Workbench   #
#                    6.5\arm\CMSIS\Include\"                                  #
#    List file    =  C:\Users\FredZhou\Documents\Origin\Projects\Project\BLE_ #
#                    Chat\EWARM\Server\List\usb_mem.lst                       #
#    Object file  =  C:\Users\FredZhou\Documents\Origin\Projects\Project\BLE_ #
#                    Chat\EWARM\Server\Obj\usb_mem.o                          #
#                                                                             #
#                                                                             #
###############################################################################

C:\Users\FredZhou\Documents\Origin\Projects\platform\STM32L1XX\Libraries\STM32_USB-FS-Device_Driver\src\usb_mem.c
      1          /******************** (C) COPYRIGHT 2011 STMicroelectronics ********************
      2          * File Name          : usb_mem.c
      3          * Author             : MCD Application Team
      4          * Version            : V3.3.0
      5          * Date               : 21-March-2011
      6          * Description        : Utility functions for memory transfers to/from PMA
      7          ********************************************************************************
      8          * THE PRESENT FIRMWARE WHICH IS FOR GUIDANCE ONLY AIMS AT PROVIDING CUSTOMERS
      9          * WITH CODING INFORMATION REGARDING THEIR PRODUCTS IN ORDER FOR THEM TO SAVE TIME.
     10          * AS A RESULT, STMICROELECTRONICS SHALL NOT BE HELD LIABLE FOR ANY DIRECT,
     11          * INDIRECT OR CONSEQUENTIAL DAMAGES WITH RESPECT TO ANY CLAIMS ARISING FROM THE
     12          * CONTENT OF SUCH FIRMWARE AND/OR THE USE MADE BY CUSTOMERS OF THE CODING
     13          * INFORMATION CONTAINED HEREIN IN CONNECTION WITH THEIR PRODUCTS.
     14          *******************************************************************************/
     15          #ifndef STM32F10X_CL
     16          
     17          /* Includes ------------------------------------------------------------------*/
     18          #include "usb_lib.h"
     19          
     20          /* Private typedef -----------------------------------------------------------*/
     21          /* Private define ------------------------------------------------------------*/
     22          /* Private macro -------------------------------------------------------------*/
     23          /* Private variables ---------------------------------------------------------*/
     24          /* Extern variables ----------------------------------------------------------*/
     25          /* Private function prototypes -----------------------------------------------*/
     26          /* Private functions ---------------------------------------------------------*/
     27          /*******************************************************************************
     28          * Function Name  : UserToPMABufferCopy
     29          * Description    : Copy a buffer from user memory area to packet memory area (PMA)
     30          * Input          : - pbUsrBuf: pointer to user memory area.
     31          *                  - wPMABufAddr: address into PMA.
     32          *                  - wNBytes: no. of bytes to be copied.
     33          * Output         : None.
     34          * Return         : None	.
     35          *******************************************************************************/
     36          void UserToPMABufferCopy(uint8_t *pbUsrBuf, uint16_t wPMABufAddr, uint16_t wNBytes)
     37          {
     38            uint32_t n = (wNBytes + 1) >> 1;   /* n = (wNBytes + 1) / 2 */
     39            uint32_t i, temp1, temp2;
     40            uint16_t *pdwVal;
     41            pdwVal = (uint16_t *)(wPMABufAddr * 2 + PMAAddr);
     42            for (i = n; i != 0; i--)
     43            {
     44              temp1 = (uint16_t) * pbUsrBuf;
     45              pbUsrBuf++;
     46              temp2 = temp1 | (uint16_t) * pbUsrBuf << 8;
     47              *pdwVal++ = temp2;
     48              pdwVal++;
     49              pbUsrBuf++;
     50            }
     51          }
     52          /*******************************************************************************
     53          * Function Name  : PMAToUserBufferCopy
     54          * Description    : Copy a buffer from user memory area to packet memory area (PMA)
     55          * Input          : - pbUsrBuf    = pointer to user memory area.
     56          *                  - wPMABufAddr = address into PMA.
     57          *                  - wNBytes     = no. of bytes to be copied.
     58          * Output         : None.
     59          * Return         : None.
     60          *******************************************************************************/
     61          void PMAToUserBufferCopy(uint8_t *pbUsrBuf, uint16_t wPMABufAddr, uint16_t wNBytes)
     62          {
     63            uint32_t n = (wNBytes + 1) >> 1;/* /2*/
     64            uint32_t i;
     65            uint32_t *pdwVal;
     66            pdwVal = (uint32_t *)(wPMABufAddr * 2 + PMAAddr);
     67            for (i = n; i != 0; i--)
     68            {
     69              *(uint16_t*)pbUsrBuf++ = *pdwVal++;
     70              pbUsrBuf++;
     71            }
     72          }
     73          
     74          #endif /* STM32F10X_CL */
     75          /******************* (C) COPYRIGHT 2011 STMicroelectronics *****END OF FILE****/

   Maximum stack usage in bytes:

   .cstack Function
   ------- --------
       0   PMAToUserBufferCopy
       8   UserToPMABufferCopy


   Section sizes:

   Bytes  Function/Label
   -----  --------------
      78  PMAToUserBufferCopy
     136  UserToPMABufferCopy

 
 214 bytes in section .text
 
 214 bytes of CODE memory

Errors: none
Warnings: none
